<?xml version="1.0" encoding="UTF-8"?>
<!-- Generated by org.testng.reporters.JUnitXMLReporter -->
<testsuite ignored="0" hostname="LAPTOP-4VVE9LGE" failures="1" tests="1" name="FlightAndAlertTests" time="14.614" errors="0" timestamp="2025-02-05T09:23:10 IST">
  <testcase classname="seleniumcodes.allops" name="testDropdownsAndSelections" time="8.977">
    <failure type="java.lang.AssertionError" message="Round trip selection is incorrect">
      <![CDATA[java.lang.AssertionError: Round trip selection is incorrect
at seleniumcodes.allops.testDropdownsAndSelections(allops.java:62)
at java.base/java.util.ArrayList.forEach(ArrayList.java:1597)
... Removed 26 stack frames]]>
    </failure>
  </testcase> <!-- testDropdownsAndSelections -->
</testsuite> <!-- FlightAndAlertTests -->
