<?xml version="1.0" encoding="UTF-8"?>
<testng-results ignored="0" total="1" passed="1" failed="0" skipped="0">
  <reporter-output>
  </reporter-output>
  <suite started-at="2025-02-05T21:55:36 IST" name="Default suite" finished-at="2025-02-05T21:56:04 IST" duration-ms="28569">
    <groups>
    </groups>
    <test started-at="2025-02-05T21:55:36 IST" name="Default test" finished-at="2025-02-05T21:56:04 IST" duration-ms="28569">
      <class name="seleniumcodes.calendars">
        <test-method is-config="true" signature="setup()[pri:0, instance:seleniumcodes.calendars@293a5bf6]" started-at="2025-02-05T21:55:36 IST" name="setup" finished-at="2025-02-05T21:56:02 IST" duration-ms="26894" status="PASS">
          <reporter-output>
          </reporter-output>
        </test-method> <!-- setup -->
        <test-method signature="testCalendarSelection()[pri:0, instance:seleniumcodes.calendars@293a5bf6]" started-at="2025-02-05T21:56:03 IST" name="testCalendarSelection" finished-at="2025-02-05T21:56:04 IST" duration-ms="1380" status="PASS">
          <reporter-output>
          </reporter-output>
        </test-method> <!-- testCalendarSelection -->
        <test-method is-config="true" signature="tearDown()[pri:0, instance:seleniumcodes.calendars@293a5bf6]" started-at="2025-02-05T21:56:04 IST" name="tearDown" finished-at="2025-02-05T21:56:04 IST" duration-ms="253" status="PASS">
          <reporter-output>
          </reporter-output>
        </test-method> <!-- tearDown -->
      </class> <!-- seleniumcodes.calendars -->
    </test> <!-- Default test -->
  </suite> <!-- Default suite -->
</testng-results>
